<?xml version="1.0" encoding="UTF-8"?>
<testng-results skipped="0" failed="0" total="1" passed="1">
  <reporter-output>
    <line>
      <![CDATA[Info ::Starting Browser chrome]]>
    </line>
    <line>
      <![CDATA[Info ::Platform on which script is running : XP]]>
    </line>
    <line>
      <![CDATA[Info ::Version of the chrome Browser is 70.0.3538.102]]>
    </line>
    <line>
      <![CDATA[Info ::Browser cookies Successfully cleared]]>
    </line>
    <line>
      <![CDATA[Info ::Browserchrome Successfully Invoked]]>
    </line>
    <line>
      <![CDATA[Info ::Navigating to url https://www.idcqa.decorist.com/]]>
    </line>
    <line>
      <![CDATA[Info ::Starting Browser chrome]]>
    </line>
    <line>
      <![CDATA[Info ::Platform on which script is running : Windows 10]]>
    </line>
    <line>
      <![CDATA[Info ::Version of the chrome Browser is 70.0.3538.102]]>
    </line>
    <line>
      <![CDATA[Info ::Browserchrome Successfully Invoked]]>
    </line>
    <line>
      <![CDATA[Info ::Step1 :Launch Decorist URL]]>
    </line>
    <line>
      <![CDATA[Info ::Step2 :Login to the Application as Designer]]>
    </line>
    <line>
      <![CDATA[Info ::Verify Wait for Home Page Login Button element to be clickable]]>
    </line>
    <line>
      <![CDATA[Pass ::Verified Home Page Login Buttonelement is clickable : Waited 105mili seconds to be clickable SS_Rahul\Snapshots\November2018_Rahul_Designer_LoginTest_11-28-2018_13-30-47-237_c3d081c6-69e2-4ebe-861f-93c2b2d44de2.png]]>
    </line>
    <line>
      <![CDATA[Info ::Verify that Home Page Login Button is clicked]]>
    </line>
    <line>
      <![CDATA[Pass ::Verified Home Page Login Button is clicked successfullySS_Rahul\Snapshots\November2018_Rahul_Designer_LoginTest_11-28-2018_13-30-49-643_266951aa-aabb-4667-866b-f7c69bed459b.png]]>
    </line>
    <line>
      <![CDATA[Info ::Verify element is present and displaying]]>
    </line>
    <line>
      <![CDATA[Pass ::Verified element is displayed -> element text: LOG IN
Forgot Password?
Remember me
LOG IN
OR
LOG IN WITH FACEBOOK
We will never share your email.
Don't have an account? Sign UpSS_Rahul\Snapshots\November2018_Rahul_Designer_LoginTest_11-28-2018_13-30-51-367_09d6617b-c144-4678-8340-c235a837f563.png]]>
    </line>
    <line>
      <![CDATA[Info ::Verify text box - 'user-email' is cleared and enter value]]>
    </line>
    <line>
      <![CDATA[Pass ::Verified text box - 'user-email' is cleared and entered value is: rahul.sharma+user@decorist.comSS_Rahul\Snapshots\November2018_Rahul_Designer_LoginTest_11-28-2018_13-30-53-631_fe8a269a-0486-4368-a67b-6d3f0bff6070.png]]>
    </line>
    <line>
      <![CDATA[Info ::Verify text box - 'user-password' is cleared and enter value]]>
    </line>
    <line>
      <![CDATA[Pass ::Verified text box - 'user-password' is cleared and entered value is: Password12SS_Rahul\Snapshots\November2018_Rahul_Designer_LoginTest_11-28-2018_13-30-55-527_0cc6a7cc-14c9-4509-8ef0-1365d7df0e83.png]]>
    </line>
    <line>
      <![CDATA[Info ::Verify that Login Button is clicked]]>
    </line>
    <line>
      <![CDATA[Pass ::Verified Login Button is clicked successfullySS_Rahul\Snapshots\November2018_Rahul_Designer_LoginTest_11-28-2018_13-31-01-675_7e87e5f4-df76-4c08-91eb-cfd2437937d1.png]]>
    </line>
    <line>
      <![CDATA[Info ::closeBrowser() = **Closing Browser*]]>
    </line>
  </reporter-output>
  <suite name="test.java.Designer_LoginTest" duration-ms="34995" started-at="2018-11-28T08:00:29Z" finished-at="2018-11-28T08:01:04Z">
    <groups>
    </groups>
    <test name="Command line test" duration-ms="34995" started-at="2018-11-28T08:00:29Z" finished-at="2018-11-28T08:01:04Z">
      <class name="test.java.Designer_LoginTest">
        <test-method status="PASS" signature="openBrowser(java.lang.String)[pri:0, instance:test.java.Designer_LoginTest@1753acfe]" name="openBrowser" is-config="true" duration-ms="16517" started-at="2018-11-28T13:30:29Z" finished-at="2018-11-28T13:30:45Z">
          <params>
            <param index="0">
              <value>
                <![CDATA[IamOptional]]>
              </value>
            </param>
          </params>
          <reporter-output>
            <line>
              <![CDATA[Info ::Starting Browser chrome]]>
            </line>
            <line>
              <![CDATA[Info ::Platform on which script is running : XP]]>
            </line>
            <line>
              <![CDATA[Info ::Version of the chrome Browser is 70.0.3538.102]]>
            </line>
            <line>
              <![CDATA[Info ::Browser cookies Successfully cleared]]>
            </line>
            <line>
              <![CDATA[Info ::Browserchrome Successfully Invoked]]>
            </line>
            <line>
              <![CDATA[Info ::Navigating to url https://www.idcqa.decorist.com/]]>
            </line>
          </reporter-output>
        </test-method> <!-- openBrowser -->
        <test-method status="PASS" signature="nuRentalDigitalGmStoreGC()[pri:0, instance:test.java.Designer_LoginTest@1753acfe]" name="nuRentalDigitalGmStoreGC" duration-ms="16603" started-at="2018-11-28T13:30:45Z" finished-at="2018-11-28T13:31:02Z">
          <reporter-output>
            <line>
              <![CDATA[Info ::Starting Browser chrome]]>
            </line>
            <line>
              <![CDATA[Info ::Platform on which script is running : Windows 10]]>
            </line>
            <line>
              <![CDATA[Info ::Version of the chrome Browser is 70.0.3538.102]]>
            </line>
            <line>
              <![CDATA[Info ::Browserchrome Successfully Invoked]]>
            </line>
            <line>
              <![CDATA[Info ::Step1 :Launch Decorist URL]]>
            </line>
            <line>
              <![CDATA[Info ::Step2 :Login to the Application as Designer]]>
            </line>
            <line>
              <![CDATA[Info ::Verify Wait for Home Page Login Button element to be clickable]]>
            </line>
            <line>
              <![CDATA[Pass ::Verified Home Page Login Buttonelement is clickable : Waited 105mili seconds to be clickable SS_Rahul\Snapshots\November2018_Rahul_Designer_LoginTest_11-28-2018_13-30-47-237_c3d081c6-69e2-4ebe-861f-93c2b2d44de2.png]]>
            </line>
            <line>
              <![CDATA[Info ::Verify that Home Page Login Button is clicked]]>
            </line>
            <line>
              <![CDATA[Pass ::Verified Home Page Login Button is clicked successfullySS_Rahul\Snapshots\November2018_Rahul_Designer_LoginTest_11-28-2018_13-30-49-643_266951aa-aabb-4667-866b-f7c69bed459b.png]]>
            </line>
            <line>
              <![CDATA[Info ::Verify element is present and displaying]]>
            </line>
            <line>
              <![CDATA[Pass ::Verified element is displayed -> element text: LOG IN
Forgot Password?
Remember me
LOG IN
OR
LOG IN WITH FACEBOOK
We will never share your email.
Don't have an account? Sign UpSS_Rahul\Snapshots\November2018_Rahul_Designer_LoginTest_11-28-2018_13-30-51-367_09d6617b-c144-4678-8340-c235a837f563.png]]>
            </line>
            <line>
              <![CDATA[Info ::Verify text box - 'user-email' is cleared and enter value]]>
            </line>
            <line>
              <![CDATA[Pass ::Verified text box - 'user-email' is cleared and entered value is: rahul.sharma+user@decorist.comSS_Rahul\Snapshots\November2018_Rahul_Designer_LoginTest_11-28-2018_13-30-53-631_fe8a269a-0486-4368-a67b-6d3f0bff6070.png]]>
            </line>
            <line>
              <![CDATA[Info ::Verify text box - 'user-password' is cleared and enter value]]>
            </line>
            <line>
              <![CDATA[Pass ::Verified text box - 'user-password' is cleared and entered value is: Password12SS_Rahul\Snapshots\November2018_Rahul_Designer_LoginTest_11-28-2018_13-30-55-527_0cc6a7cc-14c9-4509-8ef0-1365d7df0e83.png]]>
            </line>
            <line>
              <![CDATA[Info ::Verify that Login Button is clicked]]>
            </line>
            <line>
              <![CDATA[Pass ::Verified Login Button is clicked successfullySS_Rahul\Snapshots\November2018_Rahul_Designer_LoginTest_11-28-2018_13-31-01-675_7e87e5f4-df76-4c08-91eb-cfd2437937d1.png]]>
            </line>
          </reporter-output>
        </test-method> <!-- nuRentalDigitalGmStoreGC -->
        <test-method status="PASS" signature="tearDown()[pri:0, instance:test.java.Designer_LoginTest@1753acfe]" name="tearDown" is-config="true" duration-ms="1860" started-at="2018-11-28T13:31:02Z" finished-at="2018-11-28T13:31:04Z">
          <reporter-output>
            <line>
              <![CDATA[Info ::closeBrowser() = **Closing Browser*]]>
            </line>
          </reporter-output>
        </test-method> <!-- tearDown -->
      </class> <!-- test.java.Designer_LoginTest -->
    </test> <!-- Command line test -->
  </suite> <!-- test.java.Designer_LoginTest -->
</testng-results>
